Using pre-set license
Built from '2021.2/staging' branch; Version is '2021.2.7f1 (6bd9e232123f) revision 7068130'; Using compiler version '192829333'; Build Type 'Release'
OS: 'Windows 10  (10.0.19043) 64bit Core' Language: 'ru' Physical Memory: 8073 MB
BatchMode: 1, IsHumanControllingUs: 0, StartBugReporterOnCrash: 0, Is64bit: 1, IsPro: 0

COMMAND LINE ARGUMENTS:
C:\Program Files\Unity\Hub\Editor\2021.2.7f1\Editor\Unity.exe
-adb2
-batchMode
-noUpm
-name
AssetImportWorker4
-projectPath
C:/Users/gukov/Desktop/Repository/HeartOfDarkness/HeartOfDarkness
-logFile
Logs/AssetImportWorker4.log
-srvPort
62234
Successfully changed project path to: C:/Users/gukov/Desktop/Repository/HeartOfDarkness/HeartOfDarkness
C:/Users/gukov/Desktop/Repository/HeartOfDarkness/HeartOfDarkness
[UnityMemory] Configuration Parameters - Can be set up in boot.config
    "memorysetup-bucket-allocator-granularity=16"
    "memorysetup-bucket-allocator-bucket-count=8"
    "memorysetup-bucket-allocator-block-size=33554432"
    "memorysetup-bucket-allocator-block-count=8"
    "memorysetup-main-allocator-block-size=16777216"
    "memorysetup-thread-allocator-block-size=16777216"
    "memorysetup-gfx-main-allocator-block-size=16777216"
    "memorysetup-gfx-thread-allocator-block-size=16777216"
    "memorysetup-cache-allocator-block-size=4194304"
    "memorysetup-typetree-allocator-block-size=2097152"
    "memorysetup-profiler-bucket-allocator-granularity=16"
    "memorysetup-profiler-bucket-allocator-bucket-count=8"
    "memorysetup-profiler-bucket-allocator-block-size=33554432"
    "memorysetup-profiler-bucket-allocator-block-count=8"
    "memorysetup-profiler-allocator-block-size=16777216"
    "memorysetup-profiler-editor-allocator-block-size=1048576"
    "memorysetup-temp-allocator-size-main=16777216"
    "memorysetup-job-temp-allocator-block-size=2097152"
    "memorysetup-job-temp-allocator-block-size-background=1048576"
    "memorysetup-job-temp-allocator-reduction-small-platforms=262144"
    "memorysetup-temp-allocator-size-background-worker=32768"
    "memorysetup-temp-allocator-size-job-worker=262144"
    "memorysetup-temp-allocator-size-preload-manager=33554432"
    "memorysetup-temp-allocator-size-nav-mesh-worker=65536"
    "memorysetup-temp-allocator-size-audio-worker=65536"
    "memorysetup-temp-allocator-size-cloud-worker=32768"
    "memorysetup-temp-allocator-size-gi-baking-worker=262144"
    "memorysetup-temp-allocator-size-gfx=262144"
Refreshing native plugins compatible for Editor in 173.87 ms, found 4 plugins.
Preloading 0 native plugins for Editor in 0.00 ms.
Initialize engine version: 2021.2.7f1 (6bd9e232123f)
[Subsystems] Discovering subsystems at path C:/Program Files/Unity/Hub/Editor/2021.2.7f1/Editor/Data/Resources/UnitySubsystems
[Subsystems] Discovering subsystems at path C:/Users/gukov/Desktop/Repository/HeartOfDarkness/HeartOfDarkness/Assets
GfxDevice: creating device client; threaded=0; jobified=0
Direct3D:
    Version:  Direct3D 11.0 [level 11.0]
    Renderer: NVIDIA GeForce GTX 770 (ID=0x1184)
    Vendor:   NVIDIA
    VRAM:     2007 MB
    Driver:   27.21.14.6647
Initialize mono
Mono path[0] = 'C:/Program Files/Unity/Hub/Editor/2021.2.7f1/Editor/Data/Managed'
Mono path[1] = 'C:/Program Files/Unity/Hub/Editor/2021.2.7f1/Editor/Data/MonoBleedingEdge/lib/mono/unityjit-win32'
Mono config path = 'C:/Program Files/Unity/Hub/Editor/2021.2.7f1/Editor/Data/MonoBleedingEdge/etc'
Using monoOptions --debugger-agent=transport=dt_socket,embedding=1,server=y,suspend=n,address=127.0.0.1:56684
Begin MonoManager ReloadAssembly
Registering precompiled unity dll's ...
Register platform support module: C:/Program Files/Unity/Hub/Editor/2021.2.7f1/Editor/Data/PlaybackEngines/WindowsStandaloneSupport/UnityEditor.WindowsStandalone.Extensions.dll
Registered in 0.008312 seconds.
Native extension for WindowsStandalone target not found
Refreshing native plugins compatible for Editor in 107.87 ms, found 4 plugins.
Preloading 0 native plugins for Editor in 0.00 ms.
Mono: successfully reloaded assembly
- Completed reload, in  0.914 seconds
Domain Reload Profiling:
	ReloadAssembly (915ms)
		BeginReloadAssembly (88ms)
			ExecutionOrderSort (0ms)
			DisableScriptedObjects (0ms)
			BackupInstance (0ms)
			ReleaseScriptingObjects (0ms)
			CreateAndSetChildDomain (1ms)
		EndReloadAssembly (726ms)
			LoadAssemblies (83ms)
			RebuildTransferFunctionScriptingTraits (0ms)
			SetupTypeCache (185ms)
			ReleaseScriptCaches (0ms)
			RebuildScriptCaches (37ms)
			SetupLoadedEditorAssemblies (433ms)
				LogAssemblyErrors (0ms)
				InitializePlatformSupportModulesInManaged (17ms)
				SetLoadedEditorAssemblies (0ms)
				RefreshPlugins (108ms)
				BeforeProcessingInitializeOnLoad (2ms)
				ProcessInitializeOnLoadAttributes (235ms)
				ProcessInitializeOnLoadMethodAttributes (70ms)
				AfterProcessingInitializeOnLoad (0ms)
				EditorAssembliesLoaded (0ms)
			ExecutionOrderSort2 (0ms)
			AwakeInstancesAfterBackupRestoration (0ms)
Platform modules already initialized, skipping
Registering precompiled user dll's ...
Registered in 0.013046 seconds.
Begin MonoManager ReloadAssembly
Symbol file LoadedFromMemory doesn't match image C:\Users\gukov\Desktop\Repository\HeartOfDarkness\HeartOfDarkness\Library\PackageCache\com.unity.visualscripting@1.7.6\Editor\VisualScripting.Core\Dependencies\YamlDotNet\Unity.VisualScripting.YamlDotNet.dll
Symbol file LoadedFromMemory doesn't match image C:\Users\gukov\Desktop\Repository\HeartOfDarkness\HeartOfDarkness\Library\PackageCache\com.unity.visualscripting@1.7.6\Editor\VisualScripting.Core\Dependencies\DotNetZip\Unity.VisualScripting.IonicZip.dll
Native extension for WindowsStandalone target not found
Refreshing native plugins compatible for Editor in 103.84 ms, found 4 plugins.
Preloading 0 native plugins for Editor in 0.00 ms.
Mono: successfully reloaded assembly
- Completed reload, in  5.473 seconds
Domain Reload Profiling:
	ReloadAssembly (5474ms)
		BeginReloadAssembly (159ms)
			ExecutionOrderSort (0ms)
			DisableScriptedObjects (7ms)
			BackupInstance (0ms)
			ReleaseScriptingObjects (0ms)
			CreateAndSetChildDomain (32ms)
		EndReloadAssembly (5175ms)
			LoadAssemblies (1544ms)
			RebuildTransferFunctionScriptingTraits (0ms)
			SetupTypeCache (341ms)
			ReleaseScriptCaches (1ms)
			RebuildScriptCaches (77ms)
			SetupLoadedEditorAssemblies (3159ms)
				LogAssemblyErrors (0ms)
				InitializePlatformSupportModulesInManaged (12ms)
				SetLoadedEditorAssemblies (0ms)
				RefreshPlugins (104ms)
				BeforeProcessingInitializeOnLoad (120ms)
				ProcessInitializeOnLoadAttributes (2496ms)
				ProcessInitializeOnLoadMethodAttributes (417ms)
				AfterProcessingInitializeOnLoad (9ms)
				EditorAssembliesLoaded (0ms)
			ExecutionOrderSort2 (0ms)
			AwakeInstancesAfterBackupRestoration (7ms)
Platform modules already initialized, skipping
========================================================================
Worker process is ready to serve import requests
Launched and connected shader compiler UnityShaderCompiler.exe after 1.34 seconds
Refreshing native plugins compatible for Editor in 1.26 ms, found 4 plugins.
Preloading 0 native plugins for Editor in 0.00 ms.
Unloading 4115 Unused Serialized files (Serialized files now loaded: 0)
Unloading 37 unused Assets / (55.7 KB). Loaded Objects now: 4573.
Memory consumption went from 156.4 MB to 156.4 MB.
Total: 5.475400 ms (FindLiveObjects: 0.562300 ms CreateObjectMapping: 0.824200 ms MarkObjects: 4.001400 ms  DeleteObjects: 0.086400 ms)

AssetImportParameters requested are different than current active one (requested -> active):
  custom:video-decoder-ogg-theora: a1e56fd34408186e4bbccfd4996cb3dc -> 
  custom:container-muxer-webm: aa71ff27fc2769a1b78a27578f13a17b -> 
  custom:container-demuxer-webm: 4f35f7cbe854078d1ac9338744f61a02 -> 
  custom:video-encoder-webm-vp8: eb34c28f22e8b96e1ab97ce403110664 -> 
  custom:audio-encoder-webm-vorbis: bf7c407c2cedff20999df2af8eb42d56 -> 
  custom:framework-win-MediaFoundation: 216162199b28c13a410421893ffa2e32 -> 
  custom:container-demuxer-ogg: 62fdf1f143b41e24485cea50d1cbac27 -> 
  custom:video-decoder-webm-vp8: 9c59270c3fd7afecdb556c50c9e8de78 -> 
  custom:audio-decoder-ogg-vorbis: bf7c407c2cedff20999df2af8eb42d56 -> 
========================================================================
Received Import Request.
  Time since last request: 117919.675900 seconds.
  path: Assets/Resources/SpriteHero/Enemy/DemonBoss
  artifactKey: Guid(3a21ce633e8b5484f86356b068adf933) Importer(815301076,1909f56bfc062723c751e8b465ee728b)
Start importing Assets/Resources/SpriteHero/Enemy/DemonBoss using Guid(3a21ce633e8b5484f86356b068adf933) Importer(815301076,1909f56bfc062723c751e8b465ee728b)  -> (artifact id: '89a6c2bd6dda2b389ea98a316897666e') in 0.021194 seconds 
========================================================================
Received Import Request.
  Time since last request: 4.033486 seconds.
  path: Assets/Resources/SpriteHero/Enemy/boss_demon_slime_FREE_v1.0
  artifactKey: Guid(51b161ccfced4be4fa396367d25edc48) Importer(815301076,1909f56bfc062723c751e8b465ee728b)
Start importing Assets/Resources/SpriteHero/Enemy/boss_demon_slime_FREE_v1.0 using Guid(51b161ccfced4be4fa396367d25edc48) Importer(815301076,1909f56bfc062723c751e8b465ee728b)  -> (artifact id: 'fd0a60dec9a3b86bb2c6b171bee865bb') in 0.008967 seconds 
========================================================================
Received Import Request.
  Time since last request: 2.233133 seconds.
  path: Assets/Resources/SpriteHero/Enemy/boss_demon_slime_FREE_v1.0/spritesheets
  artifactKey: Guid(d654d564d2d04524a90f5daf6f1602b1) Importer(815301076,1909f56bfc062723c751e8b465ee728b)
Start importing Assets/Resources/SpriteHero/Enemy/boss_demon_slime_FREE_v1.0/spritesheets using Guid(d654d564d2d04524a90f5daf6f1602b1) Importer(815301076,1909f56bfc062723c751e8b465ee728b)  -> (artifact id: 'a6db308897ff9119430e73b665808150') in 0.008083 seconds 
========================================================================
Received Import Request.
  Time since last request: 0.027848 seconds.
  path: Assets/Resources/SpriteHero/Enemy/boss_demon_slime_FREE_v1.0/spritesheets/demon_slime_FREE_v1.0_288x160_spritesheet.png
  artifactKey: Guid(a4fab889128c7164e92ce807acdee28c) Importer(815301076,1909f56bfc062723c751e8b465ee728b)
Start importing Assets/Resources/SpriteHero/Enemy/boss_demon_slime_FREE_v1.0/spritesheets/demon_slime_FREE_v1.0_288x160_spritesheet.png using Guid(a4fab889128c7164e92ce807acdee28c) Importer(815301076,1909f56bfc062723c751e8b465ee728b)  -> (artifact id: 'bdf9c8bab03a28e9f344e23199ecf1cf') in 0.201391 seconds 
========================================================================
Received Import Request.
  Time since last request: 11.358623 seconds.
  path: Assets/Resources/SpriteHero/Enemy/boss_demon_slime_FREE_v1.0/spritesheets/demon_slime_FREE_v1.0_288x160_spritesheet.png
  artifactKey: Guid(a4fab889128c7164e92ce807acdee28c) Importer(815301076,1909f56bfc062723c751e8b465ee728b)
Start importing Assets/Resources/SpriteHero/Enemy/boss_demon_slime_FREE_v1.0/spritesheets/demon_slime_FREE_v1.0_288x160_spritesheet.png using Guid(a4fab889128c7164e92ce807acdee28c) Importer(815301076,1909f56bfc062723c751e8b465ee728b)  -> (artifact id: '97f3f52291342ae8f3b2d68e316d1912') in 0.065525 seconds 
========================================================================
Received Import Request.
  Time since last request: 73.996819 seconds.
  path: Assets/Resources/SpriteHero/Enemy/boss_demon_slime_FREE_v1.0/spritesheets/demon_slime_FREE_v1.0_288x160_spritesheet.png
  artifactKey: Guid(a4fab889128c7164e92ce807acdee28c) Importer(815301076,1909f56bfc062723c751e8b465ee728b)
Start importing Assets/Resources/SpriteHero/Enemy/boss_demon_slime_FREE_v1.0/spritesheets/demon_slime_FREE_v1.0_288x160_spritesheet.png using Guid(a4fab889128c7164e92ce807acdee28c) Importer(815301076,1909f56bfc062723c751e8b465ee728b)  -> (artifact id: '83c70bdb60df60c5f542470ade055e57') in 0.067729 seconds 
========================================================================
Received Import Request.
  Time since last request: 16.330504 seconds.
  path: Assets/Resources/SpriteHero/Enemy/boss_demon_slime_FREE_v1.0/spritesheets/demon_slime_FREE_v1.0_288x160_spritesheet.png
  artifactKey: Guid(a4fab889128c7164e92ce807acdee28c) Importer(815301076,1909f56bfc062723c751e8b465ee728b)
Start importing Assets/Resources/SpriteHero/Enemy/boss_demon_slime_FREE_v1.0/spritesheets/demon_slime_FREE_v1.0_288x160_spritesheet.png using Guid(a4fab889128c7164e92ce807acdee28c) Importer(815301076,1909f56bfc062723c751e8b465ee728b)  -> (artifact id: '823f02e958fc565053bca195aa5dfb77') in 1.055570 seconds 
========================================================================
Received Import Request.
  Time since last request: 514.056663 seconds.
  path: Assets/Resources/SpriteHero/Enemy/boss_demon_slime_FREE_v1.0/spritesheets/DemonSlime.png
  artifactKey: Guid(6bfa5d55a40b1ba44945f909c1567594) Importer(815301076,1909f56bfc062723c751e8b465ee728b)
Start importing Assets/Resources/SpriteHero/Enemy/boss_demon_slime_FREE_v1.0/spritesheets/DemonSlime.png using Guid(6bfa5d55a40b1ba44945f909c1567594) Importer(815301076,1909f56bfc062723c751e8b465ee728b)  -> (artifact id: 'e32c6395259a39958c1df9bb5b981490') in 0.182918 seconds 
========================================================================
Received Import Request.
  Time since last request: 7.978986 seconds.
  path: Assets/Resources/SpriteHero/Enemy/boss_demon_slime_FREE_v1.0/spritesheets/DemonSlime.png
  artifactKey: Guid(6bfa5d55a40b1ba44945f909c1567594) Importer(815301076,1909f56bfc062723c751e8b465ee728b)
Start importing Assets/Resources/SpriteHero/Enemy/boss_demon_slime_FREE_v1.0/spritesheets/DemonSlime.png using Guid(6bfa5d55a40b1ba44945f909c1567594) Importer(815301076,1909f56bfc062723c751e8b465ee728b)  -> (artifact id: '4732895ef7270decde952675f6f9bb5d') in 0.059118 seconds 
========================================================================
Received Import Request.
  Time since last request: 517.709598 seconds.
  path: Assets/Resources/SpriteHero/Enemy/boss_demon_slime_FREE_v1.0/spritesheets/DemonSlime.png
  artifactKey: Guid(6bfa5d55a40b1ba44945f909c1567594) Importer(815301076,1909f56bfc062723c751e8b465ee728b)
Start importing Assets/Resources/SpriteHero/Enemy/boss_demon_slime_FREE_v1.0/spritesheets/DemonSlime.png using Guid(6bfa5d55a40b1ba44945f909c1567594) Importer(815301076,1909f56bfc062723c751e8b465ee728b)  -> (artifact id: '3b387000598f7df3ec6905e2fc944f3e') in 0.751436 seconds 
========================================================================
Received Import Request.
  Time since last request: 254.771418 seconds.
  path: Assets/Resources/SpriteHero/Tiefling/Fighter/1/Animation/TieflingFighter1.controller
  artifactKey: Guid(d1396f4d5e2d538428e6457672e40660) Importer(815301076,1909f56bfc062723c751e8b465ee728b)
Start importing Assets/Resources/SpriteHero/Tiefling/Fighter/1/Animation/TieflingFighter1.controller using Guid(d1396f4d5e2d538428e6457672e40660) Importer(815301076,1909f56bfc062723c751e8b465ee728b)  -> (artifact id: 'efdebe9e20032aa83161ec369b81a618') in 0.289375 seconds 
========================================================================
Received Import Request.
  Time since last request: 475.088507 seconds.
  path: Assets/Resources/SpriteHero/Enemy/boss_demon_slime_FREE_v1.0/spritesheets/DemonSlime.png
  artifactKey: Guid(6bfa5d55a40b1ba44945f909c1567594) Importer(815301076,1909f56bfc062723c751e8b465ee728b)
Start importing Assets/Resources/SpriteHero/Enemy/boss_demon_slime_FREE_v1.0/spritesheets/DemonSlime.png using Guid(6bfa5d55a40b1ba44945f909c1567594) Importer(815301076,1909f56bfc062723c751e8b465ee728b)  -> (artifact id: '55866688977f233ab5139cb0030c85b3') in 0.663244 seconds 
========================================================================
Received Import Request.
  Time since last request: 46.847063 seconds.
  path: Assets/Resources/SpriteHero/Enemy/boss_demon_slime_FREE_v1.0/spritesheets/Attack1.anim
  artifactKey: Guid(ef08a6a47a16133489dcd278249d81ff) Importer(815301076,1909f56bfc062723c751e8b465ee728b)
Start importing Assets/Resources/SpriteHero/Enemy/boss_demon_slime_FREE_v1.0/spritesheets/Attack1.anim using Guid(ef08a6a47a16133489dcd278249d81ff) Importer(815301076,1909f56bfc062723c751e8b465ee728b)  -> (artifact id: '2f7b3e9fb064673c7d07f19d55fe1d76') in 0.009816 seconds 
========================================================================
Received Import Request.
  Time since last request: 21.187337 seconds.
  path: Assets/Resources/SpriteHero/Enemy/boss_demon_slime_FREE_v1.0/spritesheets/BossDemon.controller
  artifactKey: Guid(f03cc753d81e4034199446a24001a37c) Importer(815301076,1909f56bfc062723c751e8b465ee728b)
Start importing Assets/Resources/SpriteHero/Enemy/boss_demon_slime_FREE_v1.0/spritesheets/BossDemon.controller using Guid(f03cc753d81e4034199446a24001a37c) Importer(815301076,1909f56bfc062723c751e8b465ee728b)  -> (artifact id: '52f2b9ff5c09e8b41162c375bb26add2') in 0.010475 seconds 
========================================================================
Received Import Request.
  Time since last request: 290.909053 seconds.
  path: Assets/Resources/SpriteHero/Enemy/boss_demon_slime_FREE_v1.0/spritesheets/DemonSlime.png
  artifactKey: Guid(6bfa5d55a40b1ba44945f909c1567594) Importer(815301076,1909f56bfc062723c751e8b465ee728b)
Start importing Assets/Resources/SpriteHero/Enemy/boss_demon_slime_FREE_v1.0/spritesheets/DemonSlime.png using Guid(6bfa5d55a40b1ba44945f909c1567594) Importer(815301076,1909f56bfc062723c751e8b465ee728b)  -> (artifact id: '4d05294875efd19c9431095a1e823e3e') in 0.666324 seconds 
========================================================================
Received Import Request.
  Time since last request: 135.056132 seconds.
  path: Assets/Resources/SpriteHero/Enemy/boss_demon_slime_FREE_v1.0/spritesheets/DemonSlime.png
  artifactKey: Guid(6bfa5d55a40b1ba44945f909c1567594) Importer(815301076,1909f56bfc062723c751e8b465ee728b)
Start importing Assets/Resources/SpriteHero/Enemy/boss_demon_slime_FREE_v1.0/spritesheets/DemonSlime.png using Guid(6bfa5d55a40b1ba44945f909c1567594) Importer(815301076,1909f56bfc062723c751e8b465ee728b)  -> (artifact id: 'de34cd9708bf963dd5cb9ed1e8cd36a5') in 0.659072 seconds 
========================================================================
Received Import Request.
  Time since last request: 83.427268 seconds.
  path: Assets/Resources/Prefab/Character/BossDemon.prefab
  artifactKey: Guid(b86a2ae73bb97394c9d57b7c9f4c4b77) Importer(815301076,1909f56bfc062723c751e8b465ee728b)
Start importing Assets/Resources/Prefab/Character/BossDemon.prefab using Guid(b86a2ae73bb97394c9d57b7c9f4c4b77) Importer(815301076,1909f56bfc062723c751e8b465ee728b) The Animator Controller (BossDemon) you have used is not valid. Animations will not play
UnityEngine.StackTraceUtility:ExtractStackTrace ()
UnityEditor.EditorUtility:Internal_InstantiateRemoveAllNonAnimationComponentsSingle (UnityEngine.Object,UnityEngine.Vector3,UnityEngine.Quaternion)
UnityEditor.EditorUtility:InstantiateRemoveAllNonAnimationComponents (UnityEngine.Object,UnityEngine.Vector3,UnityEngine.Quaternion)
UnityEditor.EditorUtility:InstantiateForAnimatorPreview (UnityEngine.Object)
UnityEditor.GameObjectInspector/PreviewData:UpdateGameObject (UnityEngine.Object)
UnityEditor.GameObjectInspector/PreviewData:.ctor (UnityEngine.Object)
UnityEditor.GameObjectInspector:GetPreviewData ()
UnityEditor.GameObjectInspector:RenderStaticPreview (string,UnityEngine.Object[],int,int)
UnityEditor.AssetPreviewUpdater:CreatePreview (UnityEngine.Object,UnityEngine.Object[],string,int,int)
UnityEditor.AssetPreviewUpdater:CreatePreviewForAsset (UnityEngine.Object,UnityEngine.Object[],string)

[C:\buildslave\unity\build\Modules\Animation\Director\AnimatorControllerPlayable.cpp line 333]

The Animator Controller (BossDemon) you have used is not valid. Animations will not play
UnityEngine.StackTraceUtility:ExtractStackTrace ()
UnityEditor.EditorUtility:InitInstantiatedPreviewRecursive (UnityEngine.GameObject)
UnityEditor.EditorUtility:InstantiateForAnimatorPreview (UnityEngine.Object)
UnityEditor.GameObjectInspector/PreviewData:UpdateGameObject (UnityEngine.Object)
UnityEditor.GameObjectInspector/PreviewData:.ctor (UnityEngine.Object)
UnityEditor.GameObjectInspector:GetPreviewData ()
UnityEditor.GameObjectInspector:RenderStaticPreview (string,UnityEngine.Object[],int,int)
UnityEditor.AssetPreviewUpdater:CreatePreview (UnityEngine.Object,UnityEngine.Object[],string,int,int)
UnityEditor.AssetPreviewUpdater:CreatePreviewForAsset (UnityEngine.Object,UnityEngine.Object[],string)

[C:\buildslave\unity\build\Modules\Animation\Director\AnimatorControllerPlayable.cpp line 333]

 -> (artifact id: '05095e6859ee2966a04f05c167c217ba') in 0.210154 seconds 
========================================================================
Received Prepare
Registering precompiled user dll's ...
Registered in 0.010075 seconds.
Begin MonoManager ReloadAssembly
Symbol file LoadedFromMemory doesn't match image C:\Users\gukov\Desktop\Repository\HeartOfDarkness\HeartOfDarkness\Library\PackageCache\com.unity.visualscripting@1.7.6\Editor\VisualScripting.Core\Dependencies\YamlDotNet\Unity.VisualScripting.YamlDotNet.dll
Symbol file LoadedFromMemory doesn't match image C:\Users\gukov\Desktop\Repository\HeartOfDarkness\HeartOfDarkness\Library\PackageCache\com.unity.visualscripting@1.7.6\Editor\VisualScripting.Core\Dependencies\DotNetZip\Unity.VisualScripting.IonicZip.dll
Native extension for WindowsStandalone target not found
Refreshing native plugins compatible for Editor in 1.30 ms, found 4 plugins.
Preloading 0 native plugins for Editor in 0.00 ms.
Mono: successfully reloaded assembly
- Completed reload, in 15.236 seconds
Domain Reload Profiling:
	ReloadAssembly (15294ms)
		BeginReloadAssembly (12668ms)
			ExecutionOrderSort (0ms)
			DisableScriptedObjects (1001ms)
			BackupInstance (0ms)
			ReleaseScriptingObjects (0ms)
			CreateAndSetChildDomain (9389ms)
		EndReloadAssembly (2273ms)
			LoadAssemblies (246ms)
			RebuildTransferFunctionScriptingTraits (0ms)
			SetupTypeCache (333ms)
			ReleaseScriptCaches (3ms)
			RebuildScriptCaches (61ms)
			SetupLoadedEditorAssemblies (1021ms)
				LogAssemblyErrors (0ms)
				InitializePlatformSupportModulesInManaged (56ms)
				SetLoadedEditorAssemblies (1ms)
				RefreshPlugins (1ms)
				BeforeProcessingInitializeOnLoad (179ms)
				ProcessInitializeOnLoadAttributes (732ms)
				ProcessInitializeOnLoadMethodAttributes (42ms)
				AfterProcessingInitializeOnLoad (9ms)
				EditorAssembliesLoaded (0ms)
			ExecutionOrderSort2 (0ms)
			AwakeInstancesAfterBackupRestoration (47ms)
Platform modules already initialized, skipping
Refreshing native plugins compatible for Editor in 2.58 ms, found 4 plugins.
Preloading 0 native plugins for Editor in 0.00 ms.
Unloading 4093 Unused Serialized files (Serialized files now loaded: 0)
Unloading 26 unused Assets / (36.6 KB). Loaded Objects now: 5059.
Memory consumption went from 202.4 MB to 202.3 MB.
Total: 70.120800 ms (FindLiveObjects: 0.487000 ms CreateObjectMapping: 0.198600 ms MarkObjects: 69.340100 ms  DeleteObjects: 0.093900 ms)

AssetImportParameters requested are different than current active one (requested -> active):
  custom:video-decoder-ogg-theora: a1e56fd34408186e4bbccfd4996cb3dc -> 
  custom:container-muxer-webm: aa71ff27fc2769a1b78a27578f13a17b -> 
  custom:container-demuxer-webm: 4f35f7cbe854078d1ac9338744f61a02 -> 
  custom:video-encoder-webm-vp8: eb34c28f22e8b96e1ab97ce403110664 -> 
  custom:audio-encoder-webm-vorbis: bf7c407c2cedff20999df2af8eb42d56 -> 
  custom:framework-win-MediaFoundation: 216162199b28c13a410421893ffa2e32 -> 
  custom:container-demuxer-ogg: 62fdf1f143b41e24485cea50d1cbac27 -> 
  custom:video-decoder-webm-vp8: 9c59270c3fd7afecdb556c50c9e8de78 -> 
  custom:audio-decoder-ogg-vorbis: bf7c407c2cedff20999df2af8eb42d56 -> 
========================================================================
Received Import Request.
  Time since last request: 809.283465 seconds.
  path: Assets/Resources/Prefab/Character/BossDemon.prefab
  artifactKey: Guid(b86a2ae73bb97394c9d57b7c9f4c4b77) Importer(815301076,1909f56bfc062723c751e8b465ee728b)
Start importing Assets/Resources/Prefab/Character/BossDemon.prefab using Guid(b86a2ae73bb97394c9d57b7c9f4c4b77) Importer(815301076,1909f56bfc062723c751e8b465ee728b)  -> (artifact id: '603460fb4ddbbd1f4bdcab4d10542fec') in 0.597326 seconds 
